RUN	computerdatabase.MySimulation	mysimulation	1648702267228	 	3.7.6
USER	Scenario Name	START	1648702268663
USER	Scenario Name	START	1648702268661
USER	Scenario Name	START	1648702268661
USER	Scenario Name	START	1648702268660
USER	Scenario Name	START	1648702268659
USER	Scenario Name	START	1648702268660
USER	Scenario Name	START	1648702268660
USER	Scenario Name	START	1648702268661
USER	Scenario Name	START	1648702268659
USER	Scenario Name	START	1648702268659
USER	Scenario Name	START	1648702268659
USER	Scenario Name	START	1648702268659
USER	Scenario Name	START	1648702268659
USER	Scenario Name	START	1648702268660
USER	Scenario Name	START	1648702269061
USER	Scenario Name	START	1648702269061
USER	Scenario Name	START	1648702269061
USER	Scenario Name	START	1648702269061
USER	Scenario Name	START	1648702269061
USER	Scenario Name	START	1648702269061
USER	Scenario Name	START	1648702269061
USER	Scenario Name	START	1648702269061
USER	Scenario Name	START	1648702268659
USER	Scenario Name	START	1648702269061
USER	Scenario Name	START	1648702269062
USER	Scenario Name	START	1648702269061
USER	Scenario Name	START	1648702269061
USER	Scenario Name	START	1648702269063
USER	Scenario Name	START	1648702269061
USER	Scenario Name	START	1648702269063
USER	Scenario Name	START	1648702269062
USER	Scenario Name	START	1648702269063
USER	Scenario Name	START	1648702269063
USER	Scenario Name	START	1648702269063
USER	Scenario Name	START	1648702269063
USER	Scenario Name	START	1648702269063
USER	Scenario Name	START	1648702269063
USER	Scenario Name	START	1648702269063
USER	Scenario Name	START	1648702268663
USER	Scenario Name	START	1648702269063
USER	Scenario Name	START	1648702269063
USER	Scenario Name	START	1648702269063
USER	Scenario Name	START	1648702269063
USER	Scenario Name	START	1648702269064
USER	Scenario Name	START	1648702269064
USER	Scenario Name	START	1648702269063
USER	Scenario Name	START	1648702269063
USER	Scenario Name	START	1648702269065
USER	Scenario Name	START	1648702269064
USER	Scenario Name	START	1648702269065
USER	Scenario Name	START	1648702269067
USER	Scenario Name	START	1648702268660
USER	Scenario Name	START	1648702268661
USER	Scenario Name	START	1648702268659
USER	Scenario Name	START	1648702269073
USER	Scenario Name	START	1648702269073
USER	Scenario Name	START	1648702269073
USER	Scenario Name	START	1648702269074
USER	Scenario Name	START	1648702269075
USER	Scenario Name	START	1648702269074
USER	Scenario Name	START	1648702268659
USER	Scenario Name	START	1648702268660
USER	Scenario Name	START	1648702268661
USER	Scenario Name	START	1648702269078
USER	Scenario Name	START	1648702269078
USER	Scenario Name	START	1648702269079
USER	Scenario Name	START	1648702269078
USER	Scenario Name	START	1648702269079
USER	Scenario Name	START	1648702268659
USER	Scenario Name	START	1648702269080
USER	Scenario Name	START	1648702269081
USER	Scenario Name	START	1648702268659
USER	Scenario Name	START	1648702268661
USER	Scenario Name	START	1648702268660
USER	Scenario Name	START	1648702268659
USER	Scenario Name	START	1648702269082
USER	Scenario Name	START	1648702269083
USER	Scenario Name	START	1648702269083
USER	Scenario Name	START	1648702269083
USER	Scenario Name	START	1648702269084
USER	Scenario Name	START	1648702269082
USER	Scenario Name	START	1648702269084
USER	Scenario Name	START	1648702269084
USER	Scenario Name	START	1648702268659
USER	Scenario Name	START	1648702269085
USER	Scenario Name	START	1648702269085
USER	Scenario Name	START	1648702268659
USER	Scenario Name	START	1648702268662
USER	Scenario Name	START	1648702268661
USER	Scenario Name	START	1648702268660
USER	Scenario Name	START	1648702269086
USER	Scenario Name	START	1648702269086
USER	Scenario Name	START	1648702269086
USER	Scenario Name	START	1648702269087
USER	Scenario Name	START	1648702269087
USER	Scenario Name	START	1648702269087
USER	Scenario Name	START	1648702269086
USER	Scenario Name	START	1648702269087
USER	Scenario Name	START	1648702269087
USER	Scenario Name	START	1648702269088
REQUEST		request	1648702268984	1648702279154	KO	status.find.in([200, 209], 304), found 500
REQUEST		request	1648702268985	1648702279154	KO	status.find.in([200, 209], 304), found 500
REQUEST		request	1648702269062	1648702279154	KO	status.find.in([200, 209], 304), found 500
USER	Scenario Name	END	1648702279177
USER	Scenario Name	END	1648702279177
USER	Scenario Name	END	1648702279178
REQUEST		request	1648702268984	1648702279235	KO	status.find.in([200, 209], 304), found 500
USER	Scenario Name	END	1648702279236
REQUEST		request	1648702268984	1648702279785	KO	status.find.in([200, 209], 304), found 500
REQUEST		request	1648702269063	1648702279785	KO	status.find.in([200, 209], 304), found 500
USER	Scenario Name	END	1648702279786
USER	Scenario Name	END	1648702279786
REQUEST		request	1648702268999	1648702279847	KO	status.find.in([200, 209], 304), found 500
USER	Scenario Name	END	1648702279848
REQUEST		request	1648702268984	1648702280019	KO	status.find.in([200, 209], 304), found 500
REQUEST		request	1648702269063	1648702280019	KO	status.find.in([200, 209], 304), found 500
REQUEST		request	1648702269064	1648702280019	KO	status.find.in([200, 209], 304), found 500
REQUEST		request	1648702269087	1648702280019	KO	status.find.in([200, 209], 304), found 500
REQUEST		request	1648702269085	1648702280019	KO	status.find.in([200, 209], 304), found 500
REQUEST		request	1648702268984	1648702280019	KO	status.find.in([200, 209], 304), found 500
USER	Scenario Name	END	1648702280019
USER	Scenario Name	END	1648702280019
USER	Scenario Name	END	1648702280019
USER	Scenario Name	END	1648702280019
USER	Scenario Name	END	1648702280019
USER	Scenario Name	END	1648702280019
REQUEST		request	1648702269063	1648702280020	KO	status.find.in([200, 209], 304), found 500
REQUEST		request	1648702269000	1648702280020	KO	status.find.in([200, 209], 304), found 500
USER	Scenario Name	END	1648702280020
USER	Scenario Name	END	1648702280021
REQUEST		request	1648702269063	1648702280127	KO	status.find.in([200, 209], 304), found 500
USER	Scenario Name	END	1648702280127
REQUEST		request	1648702269064	1648702280453	KO	status.find.in([200, 209], 304), found 500
REQUEST		request	1648702268985	1648702280453	KO	status.find.in([200, 209], 304), found 500
USER	Scenario Name	END	1648702280454
USER	Scenario Name	END	1648702280454
REQUEST		request	1648702269065	1648702280454	KO	status.find.in([200, 209], 304), found 500
REQUEST		request	1648702269078	1648702280454	KO	status.find.in([200, 209], 304), found 500
REQUEST		request	1648702268984	1648702280455	KO	status.find.in([200, 209], 304), found 500
REQUEST		request	1648702269073	1648702280455	KO	status.find.in([200, 209], 304), found 500
USER	Scenario Name	END	1648702280455
USER	Scenario Name	END	1648702280455
USER	Scenario Name	END	1648702280455
USER	Scenario Name	END	1648702280455
REQUEST		request	1648702269064	1648702280530	KO	status.find.in([200, 209], 304), found 500
REQUEST		request	1648702269062	1648702280530	KO	status.find.in([200, 209], 304), found 500
REQUEST		request	1648702269065	1648702280530	KO	status.find.in([200, 209], 304), found 500
REQUEST		request	1648702268985	1648702280530	KO	status.find.in([200, 209], 304), found 500
USER	Scenario Name	END	1648702280530
USER	Scenario Name	END	1648702280530
USER	Scenario Name	END	1648702280530
USER	Scenario Name	END	1648702280530
REQUEST		request	1648702269087	1648702280624	KO	status.find.in([200, 209], 304), found 500
USER	Scenario Name	END	1648702280625
REQUEST		request	1648702269062	1648702280718	KO	status.find.in([200, 209], 304), found 500
USER	Scenario Name	END	1648702280719
REQUEST		request	1648702269067	1648702280811	KO	status.find.in([200, 209], 304), found 500
REQUEST		request	1648702269084	1648702280811	KO	status.find.in([200, 209], 304), found 500
REQUEST		request	1648702268984	1648702280811	KO	status.find.in([200, 209], 304), found 500
REQUEST		request	1648702269080	1648702280811	KO	status.find.in([200, 209], 304), found 500
USER	Scenario Name	END	1648702280812
USER	Scenario Name	END	1648702280812
USER	Scenario Name	END	1648702280812
USER	Scenario Name	END	1648702280812
REQUEST		request	1648702269083	1648702280903	KO	status.find.in([200, 209], 304), found 500
REQUEST		request	1648702269088	1648702280903	KO	status.find.in([200, 209], 304), found 500
REQUEST		request	1648702269083	1648702280903	KO	status.find.in([200, 209], 304), found 500
USER	Scenario Name	END	1648702280903
USER	Scenario Name	END	1648702280903
USER	Scenario Name	END	1648702280903
REQUEST		request	1648702269083	1648702281027	KO	status.find.in([200, 209], 304), found 500
REQUEST		request	1648702268984	1648702281027	KO	status.find.in([200, 209], 304), found 500
REQUEST		request	1648702269084	1648702281027	KO	status.find.in([200, 209], 304), found 500
REQUEST		request	1648702268984	1648702281027	KO	status.find.in([200, 209], 304), found 500
REQUEST		request	1648702269062	1648702281027	KO	status.find.in([200, 209], 304), found 500
REQUEST		request	1648702269074	1648702281027	KO	status.find.in([200, 209], 304), found 500
REQUEST		request	1648702269006	1648702281027	KO	status.find.in([200, 209], 304), found 500
REQUEST		request	1648702269062	1648702281027	KO	status.find.in([200, 209], 304), found 500
USER	Scenario Name	END	1648702281027
USER	Scenario Name	END	1648702281027
USER	Scenario Name	END	1648702281027
USER	Scenario Name	END	1648702281027
USER	Scenario Name	END	1648702281027
USER	Scenario Name	END	1648702281027
USER	Scenario Name	END	1648702281027
USER	Scenario Name	END	1648702281028
REQUEST		request	1648702269063	1648702281120	KO	status.find.in([200, 209], 304), found 500
REQUEST		request	1648702268985	1648702281120	KO	status.find.in([200, 209], 304), found 500
REQUEST		request	1648702269085	1648702281120	KO	status.find.in([200, 209], 304), found 500
REQUEST		request	1648702269074	1648702281120	KO	status.find.in([200, 209], 304), found 500
USER	Scenario Name	END	1648702281120
USER	Scenario Name	END	1648702281120
USER	Scenario Name	END	1648702281120
USER	Scenario Name	END	1648702281120
REQUEST		request	1648702269062	1648702281195	KO	status.find.in([200, 209], 304), found 500
USER	Scenario Name	END	1648702281196
REQUEST		request	1648702268985	1648702281320	KO	status.find.in([200, 209], 304), found 500
REQUEST		request	1648702269062	1648702281320	KO	status.find.in([200, 209], 304), found 500
USER	Scenario Name	END	1648702281321
USER	Scenario Name	END	1648702281321
REQUEST		request	1648702269062	1648702281413	KO	status.find.in([200, 209], 304), found 500
REQUEST		request	1648702269088	1648702281413	KO	status.find.in([200, 209], 304), found 500
REQUEST		request	1648702269083	1648702281413	KO	status.find.in([200, 209], 304), found 500
REQUEST		request	1648702269063	1648702281413	KO	status.find.in([200, 209], 304), found 500
REQUEST		request	1648702268985	1648702281413	KO	status.find.in([200, 209], 304), found 500
USER	Scenario Name	END	1648702281414
USER	Scenario Name	END	1648702281414
USER	Scenario Name	END	1648702281414
USER	Scenario Name	END	1648702281414
USER	Scenario Name	END	1648702281414
REQUEST		request	1648702269000	1648702281505	KO	status.find.in([200, 209], 304), found 500
REQUEST		request	1648702269006	1648702281505	KO	status.find.in([200, 209], 304), found 500
REQUEST		request	1648702269086	1648702281506	KO	status.find.in([200, 209], 304), found 500
REQUEST		request	1648702269062	1648702281506	KO	status.find.in([200, 209], 304), found 500
REQUEST		request	1648702269075	1648702281506	KO	status.find.in([200, 209], 304), found 500
USER	Scenario Name	END	1648702281506
USER	Scenario Name	END	1648702281506
USER	Scenario Name	END	1648702281506
USER	Scenario Name	END	1648702281506
USER	Scenario Name	END	1648702281506
REQUEST		request	1648702269083	1648702281644	KO	status.find.in([200, 209], 304), found 500
REQUEST		request	1648702269084	1648702281644	KO	status.find.in([200, 209], 304), found 500
REQUEST		request	1648702269063	1648702281644	KO	status.find.in([200, 209], 304), found 500
REQUEST		request	1648702268984	1648702281644	KO	status.find.in([200, 209], 304), found 500
REQUEST		request	1648702269074	1648702281644	KO	status.find.in([200, 209], 304), found 500
REQUEST		request	1648702269064	1648702281644	KO	status.find.in([200, 209], 304), found 500
REQUEST		request	1648702269064	1648702281644	KO	status.find.in([200, 209], 304), found 500
REQUEST		request	1648702269087	1648702281644	KO	status.find.in([200, 209], 304), found 500
USER	Scenario Name	END	1648702281644
USER	Scenario Name	END	1648702281644
USER	Scenario Name	END	1648702281644
USER	Scenario Name	END	1648702281644
USER	Scenario Name	END	1648702281644
USER	Scenario Name	END	1648702281644
USER	Scenario Name	END	1648702281644
USER	Scenario Name	END	1648702281644
REQUEST		request	1648702269017	1648702281645	KO	status.find.in([200, 209], 304), found 500
USER	Scenario Name	END	1648702281646
REQUEST		request	1648702269087	1648702281735	KO	status.find.in([200, 209], 304), found 500
REQUEST		request	1648702269062	1648702281735	KO	status.find.in([200, 209], 304), found 500
REQUEST		request	1648702268984	1648702281735	KO	status.find.in([200, 209], 304), found 500
REQUEST		request	1648702268985	1648702281735	KO	status.find.in([200, 209], 304), found 500
REQUEST		request	1648702268984	1648702281735	KO	status.find.in([200, 209], 304), found 500
USER	Scenario Name	END	1648702281736
USER	Scenario Name	END	1648702281736
USER	Scenario Name	END	1648702281736
USER	Scenario Name	END	1648702281736
USER	Scenario Name	END	1648702281736
REQUEST		request	1648702269082	1648702281794	KO	status.find.in([200, 209], 304), found 500
REQUEST		request	1648702269064	1648702281795	KO	status.find.in([200, 209], 304), found 500
USER	Scenario Name	END	1648702281795
USER	Scenario Name	END	1648702281795
REQUEST		request	1648702269086	1648702281800	KO	status.find.in([200, 209], 304), found 500
REQUEST		request	1648702269062	1648702281800	KO	status.find.in([200, 209], 304), found 500
REQUEST		request	1648702268984	1648702281800	KO	status.find.in([200, 209], 304), found 500
USER	Scenario Name	END	1648702281800
USER	Scenario Name	END	1648702281800
USER	Scenario Name	END	1648702281800
REQUEST		request	1648702269062	1648702281896	KO	status.find.in([200, 209], 304), found 500
USER	Scenario Name	END	1648702281897
REQUEST		request	1648702269079	1648702281897	KO	status.find.in([200, 209], 304), found 500
USER	Scenario Name	END	1648702281898
REQUEST		request	1648702269063	1648702281900	KO	status.find.in([200, 209], 304), found 500
REQUEST		request	1648702268984	1648702281900	KO	status.find.in([200, 209], 304), found 500
REQUEST		request	1648702269073	1648702281900	KO	status.find.in([200, 209], 304), found 500
REQUEST		request	1648702269087	1648702281900	KO	status.find.in([200, 209], 304), found 500
REQUEST		request	1648702269062	1648702281900	KO	status.find.in([200, 209], 304), found 500
USER	Scenario Name	END	1648702281901
USER	Scenario Name	END	1648702281901
USER	Scenario Name	END	1648702281901
USER	Scenario Name	END	1648702281901
USER	Scenario Name	END	1648702281901
REQUEST		request	1648702269016	1648702281992	KO	status.find.in([200, 209], 304), found 500
USER	Scenario Name	END	1648702281993
REQUEST		request	1648702268985	1648702282122	KO	status.find.in([200, 209], 304), found 500
USER	Scenario Name	END	1648702282123
REQUEST		request	1648702269087	1648702284098	OK	 
USER	Scenario Name	END	1648702284107
REQUEST		request	1648702269015	1648702284694	OK	 
REQUEST		request	1648702269063	1648702284694	OK	 
USER	Scenario Name	END	1648702284695
USER	Scenario Name	END	1648702284695
REQUEST		request	1648702269078	1648702284696	OK	 
REQUEST		request	1648702269079	1648702284696	OK	 
REQUEST		request	1648702269063	1648702284697	OK	 
USER	Scenario Name	END	1648702284697
USER	Scenario Name	END	1648702284697
USER	Scenario Name	END	1648702284697
REQUEST		request	1648702269062	1648702284796	KO	j.i.IOException: Premature close
USER	Scenario Name	END	1648702284798
REQUEST		request	1648702269063	1648702284992	OK	 
REQUEST		request	1648702269078	1648702284992	OK	 
REQUEST		request	1648702269063	1648702284992	OK	 
REQUEST		request	1648702269017	1648702284992	OK	 
USER	Scenario Name	END	1648702284992
USER	Scenario Name	END	1648702284992
USER	Scenario Name	END	1648702284992
USER	Scenario Name	END	1648702284992
REQUEST		request	1648702269000	1648702285092	OK	 
USER	Scenario Name	END	1648702285093
