RUN	computerdatabase.MySimulation	mysimulation	1648554205937	 	3.7.6
USER	Scenario Name	START	1648554207177
USER	Scenario Name	START	1648554207176
USER	Scenario Name	START	1648554207176
USER	Scenario Name	START	1648554207177
USER	Scenario Name	START	1648554207177
USER	Scenario Name	START	1648554207177
USER	Scenario Name	START	1648554207177
USER	Scenario Name	START	1648554207178
USER	Scenario Name	START	1648554207176
USER	Scenario Name	START	1648554207177
USER	Scenario Name	START	1648554207176
USER	Scenario Name	START	1648554207318
USER	Scenario Name	START	1648554207318
USER	Scenario Name	START	1648554207318
USER	Scenario Name	START	1648554207318
USER	Scenario Name	START	1648554207318
USER	Scenario Name	START	1648554207318
USER	Scenario Name	START	1648554207177
USER	Scenario Name	START	1648554207177
USER	Scenario Name	START	1648554207350
USER	Scenario Name	START	1648554207177
USER	Scenario Name	START	1648554207177
USER	Scenario Name	START	1648554207176
USER	Scenario Name	START	1648554207178
USER	Scenario Name	START	1648554207176
USER	Scenario Name	START	1648554207178
USER	Scenario Name	START	1648554207176
USER	Scenario Name	START	1648554207177
USER	Scenario Name	START	1648554207177
USER	Scenario Name	START	1648554207177
USER	Scenario Name	START	1648554207177
USER	Scenario Name	START	1648554207177
USER	Scenario Name	START	1648554207178
USER	Scenario Name	START	1648554207360
USER	Scenario Name	START	1648554207360
USER	Scenario Name	START	1648554207360
USER	Scenario Name	START	1648554207360
USER	Scenario Name	START	1648554207361
USER	Scenario Name	START	1648554207177
USER	Scenario Name	START	1648554207360
USER	Scenario Name	START	1648554207176
USER	Scenario Name	START	1648554207177
USER	Scenario Name	START	1648554207362
USER	Scenario Name	START	1648554207362
USER	Scenario Name	START	1648554207178
USER	Scenario Name	START	1648554207177
USER	Scenario Name	START	1648554207178
USER	Scenario Name	START	1648554207364
USER	Scenario Name	START	1648554207361
USER	Scenario Name	START	1648554207365
REQUEST		app_request	1648554207360	1648554216775	KO	status.find.in([200, 209], 304), found 500
USER	Scenario Name	END	1648554216783
REQUEST		app_request	1648554207295	1648554216863	KO	status.find.in([200, 209], 304), found 500
REQUEST		app_request	1648554207358	1648554216863	KO	status.find.in([200, 209], 304), found 500
REQUEST		app_request	1648554207362	1648554216863	KO	status.find.in([200, 209], 304), found 500
REQUEST		app_request	1648554207370	1648554216863	KO	status.find.in([200, 209], 304), found 500
REQUEST		app_request	1648554207296	1648554216863	KO	status.find.in([200, 209], 304), found 500
REQUEST		app_request	1648554207349	1648554216863	KO	status.find.in([200, 209], 304), found 500
REQUEST		app_request	1648554207319	1648554216863	KO	status.find.in([200, 209], 304), found 500
USER	Scenario Name	END	1648554216863
USER	Scenario Name	END	1648554216863
USER	Scenario Name	END	1648554216863
USER	Scenario Name	END	1648554216863
USER	Scenario Name	END	1648554216863
USER	Scenario Name	END	1648554216863
USER	Scenario Name	END	1648554216863
REQUEST		app_request	1648554207358	1648554216962	KO	status.find.in([200, 209], 304), found 500
USER	Scenario Name	END	1648554216963
REQUEST		app_request	1648554207361	1648554217060	KO	status.find.in([200, 209], 304), found 500
REQUEST		app_request	1648554207358	1648554217060	KO	status.find.in([200, 209], 304), found 500
USER	Scenario Name	END	1648554217061
USER	Scenario Name	END	1648554217061
REQUEST		app_request	1648554207319	1648554217163	KO	status.find.in([200, 209], 304), found 500
USER	Scenario Name	END	1648554217164
REQUEST		app_request	1648554207359	1648554217261	KO	status.find.in([200, 209], 304), found 500
REQUEST		app_request	1648554207292	1648554217261	KO	status.find.in([200, 209], 304), found 500
USER	Scenario Name	END	1648554217261
USER	Scenario Name	END	1648554217261
REQUEST		app_request	1648554207359	1648554219884	KO	j.i.IOException: Premature close
USER	Scenario Name	END	1648554219885
REQUEST		app_request	1648554207292	1648554219963	KO	j.i.IOException: Premature close
USER	Scenario Name	END	1648554219964
REQUEST		app_request	1648554207365	1648554219965	KO	j.i.IOException: Premature close
REQUEST		app_request	1648554207359	1648554219965	KO	j.i.IOException: Premature close
USER	Scenario Name	END	1648554219965
REQUEST		app_request	1648554207360	1648554219966	KO	j.i.IOException: Premature close
USER	Scenario Name	END	1648554219966
USER	Scenario Name	END	1648554219966
REQUEST		app_request	1648554207292	1648554220065	OK	 
REQUEST		app_request	1648554207359	1648554220065	OK	 
REQUEST		app_request	1648554207360	1648554220065	OK	 
REQUEST		app_request	1648554207319	1648554220065	OK	 
REQUEST		app_request	1648554207360	1648554220064	OK	 
REQUEST		app_request	1648554207361	1648554220063	OK	 
REQUEST		app_request	1648554207365	1648554220063	OK	 
REQUEST		app_request	1648554207292	1648554220065	OK	 
REQUEST		app_request	1648554207292	1648554220065	OK	 
REQUEST		app_request	1648554207359	1648554220063	OK	 
REQUEST		app_request	1648554207350	1648554220064	OK	 
REQUEST		app_request	1648554207361	1648554220070	OK	 
REQUEST		app_request	1648554207358	1648554220064	OK	 
USER	Scenario Name	END	1648554220073
USER	Scenario Name	END	1648554220073
USER	Scenario Name	END	1648554220073
USER	Scenario Name	END	1648554220073
USER	Scenario Name	END	1648554220073
USER	Scenario Name	END	1648554220073
USER	Scenario Name	END	1648554220073
USER	Scenario Name	END	1648554220073
USER	Scenario Name	END	1648554220073
USER	Scenario Name	END	1648554220073
USER	Scenario Name	END	1648554220073
USER	Scenario Name	END	1648554220073
USER	Scenario Name	END	1648554220073
REQUEST		app_request	1648554207363	1648554220074	OK	 
REQUEST		app_request	1648554207319	1648554220074	OK	 
USER	Scenario Name	END	1648554220074
USER	Scenario Name	END	1648554220074
REQUEST		app_request	1648554207361	1648554220166	OK	 
REQUEST		app_request	1648554207361	1648554220166	OK	 
REQUEST		app_request	1648554207292	1648554220167	OK	 
REQUEST		app_request	1648554207358	1648554220167	OK	 
REQUEST		app_request	1648554207362	1648554220167	OK	 
REQUEST		app_request	1648554207319	1648554220167	OK	 
USER	Scenario Name	END	1648554220167
USER	Scenario Name	END	1648554220167
REQUEST		app_request	1648554207361	1648554220167	OK	 
USER	Scenario Name	END	1648554220167
USER	Scenario Name	END	1648554220167
USER	Scenario Name	END	1648554220167
USER	Scenario Name	END	1648554220168
REQUEST		app_request	1648554207358	1648554220168	OK	 
USER	Scenario Name	END	1648554220168
REQUEST		app_request	1648554207358	1648554220168	OK	 
REQUEST		app_request	1648554207348	1648554220168	OK	 
REQUEST		app_request	1648554207361	1648554220168	OK	 
REQUEST		app_request	1648554207319	1648554220168	OK	 
USER	Scenario Name	END	1648554220168
USER	Scenario Name	END	1648554220168
USER	Scenario Name	END	1648554220168
USER	Scenario Name	END	1648554220168
USER	Scenario Name	END	1648554220168
REQUEST		app_request	1648554207292	1648554220170	OK	 
USER	Scenario Name	END	1648554220171
REQUEST		app_request	1648554207311	1648554220172	OK	 
REQUEST		app_request	1648554207295	1648554220172	OK	 
USER	Scenario Name	END	1648554220172
USER	Scenario Name	END	1648554220172
REQUEST		app_request	1648554207358	1648554220259	OK	 
USER	Scenario Name	END	1648554220260
