RUN	computerdatabase.MySimulation	mysimulation	1648617274328	 	3.7.6
USER	Scenario Name	START	1648617275557
USER	Scenario Name	START	1648617275557
USER	Scenario Name	START	1648617275557
USER	Scenario Name	START	1648617275558
USER	Scenario Name	START	1648617275558
USER	Scenario Name	START	1648617275557
USER	Scenario Name	START	1648617275557
USER	Scenario Name	START	1648617275557
USER	Scenario Name	START	1648617275557
USER	Scenario Name	START	1648617275558
USER	Scenario Name	START	1648617275557
USER	Scenario Name	START	1648617275557
USER	Scenario Name	START	1648617275558
USER	Scenario Name	START	1648617275557
USER	Scenario Name	START	1648617275557
USER	Scenario Name	START	1648617275557
USER	Scenario Name	START	1648617275557
USER	Scenario Name	START	1648617275557
USER	Scenario Name	START	1648617275558
USER	Scenario Name	START	1648617275557
USER	Scenario Name	START	1648617275557
USER	Scenario Name	START	1648617275557
USER	Scenario Name	START	1648617275557
USER	Scenario Name	START	1648617275557
USER	Scenario Name	START	1648617275558
USER	Scenario Name	START	1648617275558
USER	Scenario Name	START	1648617275557
USER	Scenario Name	START	1648617275728
USER	Scenario Name	START	1648617275728
USER	Scenario Name	START	1648617275729
USER	Scenario Name	START	1648617275729
USER	Scenario Name	START	1648617275729
USER	Scenario Name	START	1648617275728
USER	Scenario Name	START	1648617275557
USER	Scenario Name	START	1648617275557
USER	Scenario Name	START	1648617275728
USER	Scenario Name	START	1648617275729
USER	Scenario Name	START	1648617275729
USER	Scenario Name	START	1648617275557
USER	Scenario Name	START	1648617275729
USER	Scenario Name	START	1648617275729
USER	Scenario Name	START	1648617275729
USER	Scenario Name	START	1648617275557
USER	Scenario Name	START	1648617275729
USER	Scenario Name	START	1648617275730
USER	Scenario Name	START	1648617275558
USER	Scenario Name	START	1648617275730
USER	Scenario Name	START	1648617275730
USER	Scenario Name	START	1648617275730
USER	Scenario Name	START	1648617275735
REQUEST		app_request	1648617275729	1648617276133	KO	status.find.in([200, 209], 304), found 500
REQUEST		app_request	1648617275694	1648617276133	KO	status.find.in([200, 209], 304), found 500
USER	Scenario Name	END	1648617276145
USER	Scenario Name	END	1648617276145
REQUEST		app_request	1648617275729	1648617276223	KO	status.find.in([200, 209], 304), found 500
REQUEST		app_request	1648617275694	1648617276223	KO	status.find.in([200, 209], 304), found 500
REQUEST		app_request	1648617275694	1648617276223	KO	status.find.in([200, 209], 304), found 500
REQUEST		app_request	1648617275729	1648617276223	KO	status.find.in([200, 209], 304), found 500
REQUEST		app_request	1648617275730	1648617276223	KO	status.find.in([200, 209], 304), found 500
USER	Scenario Name	END	1648617276223
USER	Scenario Name	END	1648617276223
USER	Scenario Name	END	1648617276223
USER	Scenario Name	END	1648617276223
USER	Scenario Name	END	1648617276223
REQUEST		app_request	1648617275694	1648617276224	KO	status.find.in([200, 209], 304), found 500
USER	Scenario Name	END	1648617276225
REQUEST		app_request	1648617275694	1648617276361	KO	status.find.in([200, 209], 304), found 500
REQUEST		app_request	1648617275694	1648617276361	KO	status.find.in([200, 209], 304), found 500
REQUEST		app_request	1648617275729	1648617276361	KO	status.find.in([200, 209], 304), found 500
REQUEST		app_request	1648617275694	1648617276361	KO	status.find.in([200, 209], 304), found 500
REQUEST		app_request	1648617275730	1648617276361	KO	status.find.in([200, 209], 304), found 500
REQUEST		app_request	1648617275695	1648617276361	KO	status.find.in([200, 209], 304), found 500
REQUEST		app_request	1648617275730	1648617276361	KO	status.find.in([200, 209], 304), found 500
REQUEST		app_request	1648617275729	1648617276361	KO	status.find.in([200, 209], 304), found 500
REQUEST		app_request	1648617275729	1648617276361	KO	status.find.in([200, 209], 304), found 500
USER	Scenario Name	END	1648617276361
USER	Scenario Name	END	1648617276361
USER	Scenario Name	END	1648617276361
USER	Scenario Name	END	1648617276361
USER	Scenario Name	END	1648617276361
USER	Scenario Name	END	1648617276361
USER	Scenario Name	END	1648617276361
USER	Scenario Name	END	1648617276361
USER	Scenario Name	END	1648617276361
REQUEST		app_request	1648617275694	1648617276407	KO	status.find.in([200, 209], 304), found 500
REQUEST		app_request	1648617275729	1648617276409	KO	status.find.in([200, 209], 304), found 500
USER	Scenario Name	END	1648617276408
USER	Scenario Name	END	1648617276409
REQUEST		app_request	1648617275694	1648617276453	KO	status.find.in([200, 209], 304), found 500
REQUEST		app_request	1648617275729	1648617276453	KO	status.find.in([200, 209], 304), found 500
REQUEST		app_request	1648617275694	1648617276453	KO	status.find.in([200, 209], 304), found 500
REQUEST		app_request	1648617275694	1648617276453	KO	status.find.in([200, 209], 304), found 500
REQUEST		app_request	1648617275694	1648617276453	KO	status.find.in([200, 209], 304), found 500
REQUEST		app_request	1648617275694	1648617276453	KO	status.find.in([200, 209], 304), found 500
REQUEST		app_request	1648617275694	1648617276453	KO	status.find.in([200, 209], 304), found 500
REQUEST		app_request	1648617275694	1648617276453	KO	status.find.in([200, 209], 304), found 500
REQUEST		app_request	1648617275729	1648617276453	KO	status.find.in([200, 209], 304), found 500
USER	Scenario Name	END	1648617276453
USER	Scenario Name	END	1648617276453
USER	Scenario Name	END	1648617276453
USER	Scenario Name	END	1648617276453
USER	Scenario Name	END	1648617276453
USER	Scenario Name	END	1648617276453
USER	Scenario Name	END	1648617276453
USER	Scenario Name	END	1648617276453
USER	Scenario Name	END	1648617276453
REQUEST		app_request	1648617275694	1648617276510	KO	status.find.in([200, 209], 304), found 500
USER	Scenario Name	END	1648617276511
REQUEST		app_request	1648617275694	1648617276516	KO	status.find.in([200, 209], 304), found 500
REQUEST		app_request	1648617275735	1648617276516	KO	status.find.in([200, 209], 304), found 500
REQUEST		app_request	1648617275694	1648617276516	KO	status.find.in([200, 209], 304), found 500
REQUEST		app_request	1648617275694	1648617276516	KO	status.find.in([200, 209], 304), found 500
REQUEST		app_request	1648617275730	1648617276516	KO	status.find.in([200, 209], 304), found 500
REQUEST		app_request	1648617275694	1648617276517	KO	status.find.in([200, 209], 304), found 500
USER	Scenario Name	END	1648617276517
USER	Scenario Name	END	1648617276517
USER	Scenario Name	END	1648617276517
USER	Scenario Name	END	1648617276517
USER	Scenario Name	END	1648617276517
USER	Scenario Name	END	1648617276517
REQUEST		app_request	1648617275694	1648617276518	KO	status.find.in([200, 209], 304), found 500
USER	Scenario Name	END	1648617276518
REQUEST		app_request	1648617275729	1648617276519	KO	status.find.in([200, 209], 304), found 500
USER	Scenario Name	END	1648617276520
REQUEST		app_request	1648617275729	1648617276545	KO	status.find.in([200, 209], 304), found 500
USER	Scenario Name	END	1648617276545
REQUEST		app_request	1648617275694	1648617276571	KO	status.find.in([200, 209], 304), found 500
USER	Scenario Name	END	1648617276571
REQUEST		app_request	1648617275694	1648617276611	KO	status.find.in([200, 209], 304), found 500
REQUEST		app_request	1648617275694	1648617276611	KO	status.find.in([200, 209], 304), found 500
REQUEST		app_request	1648617275694	1648617276611	KO	status.find.in([200, 209], 304), found 500
USER	Scenario Name	END	1648617276611
USER	Scenario Name	END	1648617276611
USER	Scenario Name	END	1648617276611
REQUEST		app_request	1648617275694	1648617276616	KO	status.find.in([200, 209], 304), found 500
USER	Scenario Name	END	1648617276616
REQUEST		app_request	1648617275694	1648617276624	KO	status.find.in([200, 209], 304), found 500
USER	Scenario Name	END	1648617276624
REQUEST		app_request	1648617275694	1648617276637	KO	status.find.in([200, 209], 304), found 500
USER	Scenario Name	END	1648617276638
REQUEST		app_request	1648617275730	1648617276661	KO	status.find.in([200, 209], 304), found 500
USER	Scenario Name	END	1648617276661
REQUEST		app_request	1648617275694	1648617276713	KO	status.find.in([200, 209], 304), found 500
USER	Scenario Name	END	1648617276714
REQUEST		app_request	1648617275729	1648617276716	KO	status.find.in([200, 209], 304), found 500
USER	Scenario Name	END	1648617276716
REQUEST		app_request	1648617275694	1648617276812	KO	status.find.in([200, 209], 304), found 500
USER	Scenario Name	END	1648617276813
REQUEST		app_request	1648617275694	1648617278233	KO	j.i.IOException: Premature close
USER	Scenario Name	END	1648617278235
