RUN	computerdatabase.MySimulation	mysimulation	1648618833772	 	3.7.6
USER	Scenario Name	START	1648618834991
USER	Scenario Name	START	1648618834992
USER	Scenario Name	START	1648618834991
USER	Scenario Name	START	1648618834991
USER	Scenario Name	START	1648618834991
USER	Scenario Name	START	1648618834992
USER	Scenario Name	START	1648618834991
USER	Scenario Name	START	1648618834991
USER	Scenario Name	START	1648618834991
USER	Scenario Name	START	1648618834991
USER	Scenario Name	START	1648618834992
USER	Scenario Name	START	1648618834992
USER	Scenario Name	START	1648618834991
USER	Scenario Name	START	1648618834991
USER	Scenario Name	START	1648618834991
USER	Scenario Name	START	1648618834991
USER	Scenario Name	START	1648618834991
USER	Scenario Name	START	1648618834991
USER	Scenario Name	START	1648618834991
USER	Scenario Name	START	1648618834991
USER	Scenario Name	START	1648618834991
USER	Scenario Name	START	1648618834991
USER	Scenario Name	START	1648618834991
USER	Scenario Name	START	1648618834992
USER	Scenario Name	START	1648618834991
USER	Scenario Name	START	1648618834992
USER	Scenario Name	START	1648618834991
USER	Scenario Name	START	1648618835165
USER	Scenario Name	START	1648618835165
USER	Scenario Name	START	1648618835165
USER	Scenario Name	START	1648618835165
USER	Scenario Name	START	1648618835165
USER	Scenario Name	START	1648618835165
USER	Scenario Name	START	1648618835165
USER	Scenario Name	START	1648618835165
USER	Scenario Name	START	1648618835165
USER	Scenario Name	START	1648618835165
USER	Scenario Name	START	1648618835165
USER	Scenario Name	START	1648618835165
USER	Scenario Name	START	1648618835165
USER	Scenario Name	START	1648618834991
USER	Scenario Name	START	1648618835165
USER	Scenario Name	START	1648618835165
USER	Scenario Name	START	1648618835165
USER	Scenario Name	START	1648618834991
USER	Scenario Name	START	1648618835165
USER	Scenario Name	START	1648618834992
USER	Scenario Name	START	1648618835166
USER	Scenario Name	START	1648618835166
USER	Scenario Name	START	1648618835165
USER	Scenario Name	START	1648618835166
USER	Scenario Name	START	1648618835166
USER	Scenario Name	START	1648618835165
USER	Scenario Name	START	1648618835166
USER	Scenario Name	START	1648618835166
USER	Scenario Name	START	1648618835166
USER	Scenario Name	START	1648618835166
USER	Scenario Name	START	1648618835166
USER	Scenario Name	START	1648618835165
USER	Scenario Name	START	1648618835166
USER	Scenario Name	START	1648618835165
USER	Scenario Name	START	1648618835166
USER	Scenario Name	START	1648618835166
USER	Scenario Name	START	1648618835166
USER	Scenario Name	START	1648618834991
USER	Scenario Name	START	1648618835166
USER	Scenario Name	START	1648618835166
USER	Scenario Name	START	1648618835165
USER	Scenario Name	START	1648618835166
USER	Scenario Name	START	1648618835166
USER	Scenario Name	START	1648618835165
USER	Scenario Name	START	1648618835166
USER	Scenario Name	START	1648618835166
USER	Scenario Name	START	1648618835167
USER	Scenario Name	START	1648618835167
USER	Scenario Name	START	1648618835167
USER	Scenario Name	START	1648618835166
USER	Scenario Name	START	1648618835166
USER	Scenario Name	START	1648618835167
USER	Scenario Name	START	1648618835167
USER	Scenario Name	START	1648618835167
USER	Scenario Name	START	1648618835167
USER	Scenario Name	START	1648618835166
USER	Scenario Name	START	1648618834992
USER	Scenario Name	START	1648618835167
USER	Scenario Name	START	1648618835167
USER	Scenario Name	START	1648618835167
USER	Scenario Name	START	1648618835167
USER	Scenario Name	START	1648618835168
USER	Scenario Name	START	1648618835168
USER	Scenario Name	START	1648618835168
USER	Scenario Name	START	1648618835167
USER	Scenario Name	START	1648618835167
USER	Scenario Name	START	1648618835167
USER	Scenario Name	START	1648618835168
USER	Scenario Name	START	1648618835168
USER	Scenario Name	START	1648618835170
USER	Scenario Name	START	1648618835170
USER	Scenario Name	START	1648618835185
USER	Scenario Name	START	1648618835186
REQUEST		request	1648618835166	1648618835284	OK	 
REQUEST		request	1648618835132	1648618835283	OK	 
REQUEST		request	1648618835132	1648618835284	OK	 
REQUEST		request	1648618835165	1648618835283	OK	 
REQUEST		request	1648618835165	1648618835283	OK	 
REQUEST		request	1648618835132	1648618835283	OK	 
USER	Scenario Name	END	1648618835336
USER	Scenario Name	END	1648618835336
USER	Scenario Name	END	1648618835336
USER	Scenario Name	END	1648618835336
USER	Scenario Name	END	1648618835336
USER	Scenario Name	END	1648618835336
REQUEST		request	1648618835165	1648618835338	OK	 
USER	Scenario Name	END	1648618835339
REQUEST		request	1648618835132	1648618835401	OK	 
REQUEST		request	1648618835165	1648618835403	OK	 
REQUEST		request	1648618835166	1648618835401	OK	 
REQUEST		request	1648618835166	1648618835401	OK	 
REQUEST		request	1648618835166	1648618835401	OK	 
REQUEST		request	1648618835167	1648618835401	OK	 
REQUEST		request	1648618835166	1648618835401	OK	 
REQUEST		request	1648618835167	1648618835401	OK	 
REQUEST		request	1648618835132	1648618835405	OK	 
REQUEST		request	1648618835165	1648618835404	OK	 
REQUEST		request	1648618835165	1648618835401	OK	 
REQUEST		request	1648618835166	1648618835405	OK	 
USER	Scenario Name	END	1648618835402
REQUEST		request	1648618835132	1648618835406	OK	 
USER	Scenario Name	END	1648618835404
USER	Scenario Name	END	1648618835404
USER	Scenario Name	END	1648618835405
USER	Scenario Name	END	1648618835405
USER	Scenario Name	END	1648618835405
USER	Scenario Name	END	1648618835405
USER	Scenario Name	END	1648618835406
USER	Scenario Name	END	1648618835406
USER	Scenario Name	END	1648618835406
USER	Scenario Name	END	1648618835406
USER	Scenario Name	END	1648618835406
USER	Scenario Name	END	1648618835406
REQUEST		request	1648618835132	1648618835410	OK	 
REQUEST		request	1648618835132	1648618835410	OK	 
REQUEST		request	1648618835132	1648618835410	OK	 
REQUEST		request	1648618835132	1648618835411	OK	 
USER	Scenario Name	END	1648618835411
USER	Scenario Name	END	1648618835411
USER	Scenario Name	END	1648618835411
USER	Scenario Name	END	1648618835411
REQUEST		request	1648618835165	1648618835412	OK	 
REQUEST		request	1648618835165	1648618835412	OK	 
USER	Scenario Name	END	1648618835412
USER	Scenario Name	END	1648618835412
REQUEST		request	1648618835166	1648618835434	OK	 
REQUEST		request	1648618835132	1648618835434	OK	 
REQUEST		request	1648618835165	1648618835434	OK	 
REQUEST		request	1648618835165	1648618835434	OK	 
USER	Scenario Name	END	1648618835435
USER	Scenario Name	END	1648618835435
USER	Scenario Name	END	1648618835435
USER	Scenario Name	END	1648618835435
REQUEST		request	1648618835165	1648618835435	OK	 
USER	Scenario Name	END	1648618835435
REQUEST		request	1648618835165	1648618835437	OK	 
REQUEST		request	1648618835132	1648618835437	OK	 
USER	Scenario Name	END	1648618835438
USER	Scenario Name	END	1648618835438
REQUEST		request	1648618835168	1648618835462	OK	 
USER	Scenario Name	END	1648618835462
REQUEST		request	1648618835166	1648618835526	OK	 
REQUEST		request	1648618835132	1648618835525	OK	 
REQUEST		request	1648618835132	1648618835526	OK	 
REQUEST		request	1648618835166	1648618835526	OK	 
REQUEST		request	1648618835132	1648618835526	OK	 
REQUEST		request	1648618835165	1648618835526	OK	 
REQUEST		request	1648618835132	1648618835526	OK	 
REQUEST		request	1648618835132	1648618835526	OK	 
USER	Scenario Name	END	1648618835526
USER	Scenario Name	END	1648618835526
USER	Scenario Name	END	1648618835526
REQUEST		request	1648618835166	1648618835526	OK	 
USER	Scenario Name	END	1648618835526
USER	Scenario Name	END	1648618835526
REQUEST		request	1648618835166	1648618835527	OK	 
REQUEST		request	1648618835165	1648618835527	OK	 
REQUEST		request	1648618835166	1648618835527	OK	 
USER	Scenario Name	END	1648618835526
USER	Scenario Name	END	1648618835526
USER	Scenario Name	END	1648618835526
USER	Scenario Name	END	1648618835527
REQUEST		request	1648618835132	1648618835527	OK	 
USER	Scenario Name	END	1648618835527
USER	